[13:06:18] [Test worker/INFO] [GradleStart]: Extra: [--tweakClass, cpw.mods.fml.common.launcher.FMLServerTweaker]
[13:06:18] [Test worker/INFO] [GradleStart]: GradleStart coremod searching disabled!
[13:06:18] [Test worker/INFO] [GradleStart]: Running with arguments: [--tweakClass, cpw.mods.fml.common.launcher.FMLServerTweaker]
[13:06:18] [Test worker/INFO] [LaunchWrapper]: Loading tweak class name cpw.mods.fml.common.launcher.FMLServerTweaker
[13:06:18] [Test worker/INFO] [LaunchWrapper]: Using primary tweak class name cpw.mods.fml.common.launcher.FMLServerTweaker
[13:06:18] [Test worker/INFO] [LaunchWrapper]: Calling tweak class cpw.mods.fml.common.launcher.FMLServerTweaker
[13:14:16] [Test worker/INFO] [GradleStart]: Extra: [--tweakClass, cpw.mods.fml.common.launcher.FMLServerTweaker]
[13:14:16] [Test worker/INFO] [GradleStart]: GradleStart coremod searching disabled!
[13:14:16] [Test worker/INFO] [GradleStart]: Running with arguments: [--tweakClass, cpw.mods.fml.common.launcher.FMLServerTweaker]
[13:14:16] [Test worker/INFO] [LaunchWrapper]: Loading tweak class name cpw.mods.fml.common.launcher.FMLServerTweaker
[13:14:16] [Test worker/INFO] [LaunchWrapper]: Using primary tweak class name cpw.mods.fml.common.launcher.FMLServerTweaker
[13:14:16] [Test worker/INFO] [LaunchWrapper]: Calling tweak class cpw.mods.fml.common.launcher.FMLServerTweaker
[13:31:29] [Test worker/INFO] [GradleStart]: Extra: [--tweakClass, cpw.mods.fml.common.launcher.FMLServerTweaker]
[13:31:29] [Test worker/INFO] [GradleStart]: GradleStart coremod searching disabled!
[13:31:29] [Test worker/INFO] [GradleStart]: Running with arguments: [--tweakClass, cpw.mods.fml.common.launcher.FMLServerTweaker]
[13:31:29] [Test worker/INFO] [LaunchWrapper]: Loading tweak class name cpw.mods.fml.common.launcher.FMLServerTweaker
[13:31:29] [Test worker/INFO] [LaunchWrapper]: Using primary tweak class name cpw.mods.fml.common.launcher.FMLServerTweaker
[13:31:29] [Test worker/INFO] [LaunchWrapper]: Calling tweak class cpw.mods.fml.common.launcher.FMLServerTweaker
[14:02:41] [Test worker/INFO] [GradleStart]: Extra: [--tweakClass, cpw.mods.fml.common.launcher.FMLServerTweaker]
[14:02:42] [Test worker/INFO] [GradleStart]: GradleStart coremod searching disabled!
[14:02:42] [Test worker/INFO] [GradleStart]: Running with arguments: [--tweakClass, cpw.mods.fml.common.launcher.FMLServerTweaker]
[14:02:42] [Test worker/INFO] [LaunchWrapper]: Loading tweak class name cpw.mods.fml.common.launcher.FMLServerTweaker
[14:02:42] [Test worker/INFO] [LaunchWrapper]: Using primary tweak class name cpw.mods.fml.common.launcher.FMLServerTweaker
[14:02:42] [Test worker/INFO] [LaunchWrapper]: Calling tweak class cpw.mods.fml.common.launcher.FMLServerTweaker
[18:32:02] [Test worker/INFO] [GradleStart]: Extra: [--tweakClass, cpw.mods.fml.common.launcher.FMLServerTweaker]
[18:32:02] [Test worker/INFO] [GradleStart]: GradleStart coremod searching disabled!
[18:32:02] [Test worker/INFO] [GradleStart]: Running with arguments: [--tweakClass, cpw.mods.fml.common.launcher.FMLServerTweaker]
[18:32:02] [Test worker/INFO] [LaunchWrapper]: Loading tweak class name cpw.mods.fml.common.launcher.FMLServerTweaker
[18:32:02] [Test worker/INFO] [LaunchWrapper]: Using primary tweak class name cpw.mods.fml.common.launcher.FMLServerTweaker
[18:32:02] [Test worker/INFO] [LaunchWrapper]: Calling tweak class cpw.mods.fml.common.launcher.FMLServerTweaker
[21:36:24] [Test worker/INFO] [GradleStart]: Extra: [--tweakClass, cpw.mods.fml.common.launcher.FMLServerTweaker]
[21:36:24] [Test worker/INFO] [GradleStart]: GradleStart coremod searching disabled!
[21:36:24] [Test worker/INFO] [GradleStart]: Running with arguments: [--tweakClass, cpw.mods.fml.common.launcher.FMLServerTweaker]
[21:36:24] [Test worker/INFO] [LaunchWrapper]: Loading tweak class name cpw.mods.fml.common.launcher.FMLServerTweaker
[21:36:24] [Test worker/INFO] [LaunchWrapper]: Using primary tweak class name cpw.mods.fml.common.launcher.FMLServerTweaker
[21:36:24] [Test worker/INFO] [LaunchWrapper]: Calling tweak class cpw.mods.fml.common.launcher.FMLServerTweaker
[20:27:48] [Test worker/INFO] [GradleStart]: Extra: [--tweakClass, cpw.mods.fml.common.launcher.FMLServerTweaker]
[20:27:48] [Test worker/INFO] [GradleStart]: GradleStart coremod searching disabled!
[20:27:48] [Test worker/INFO] [GradleStart]: Running with arguments: [--tweakClass, cpw.mods.fml.common.launcher.FMLServerTweaker]
[20:27:48] [Test worker/INFO] [LaunchWrapper]: Loading tweak class name cpw.mods.fml.common.launcher.FMLServerTweaker
[20:27:48] [Test worker/INFO] [LaunchWrapper]: Using primary tweak class name cpw.mods.fml.common.launcher.FMLServerTweaker
[20:27:48] [Test worker/INFO] [LaunchWrapper]: Calling tweak class cpw.mods.fml.common.launcher.FMLServerTweaker
[21:01:46] [Test worker/INFO] [GradleStart]: Extra: [--tweakClass, cpw.mods.fml.common.launcher.FMLServerTweaker]
[21:01:46] [Test worker/INFO] [GradleStart]: GradleStart coremod searching disabled!
[21:01:46] [Test worker/INFO] [GradleStart]: Running with arguments: [--tweakClass, cpw.mods.fml.common.launcher.FMLServerTweaker]
[21:01:46] [Test worker/INFO] [LaunchWrapper]: Loading tweak class name cpw.mods.fml.common.launcher.FMLServerTweaker
[21:01:46] [Test worker/INFO] [LaunchWrapper]: Using primary tweak class name cpw.mods.fml.common.launcher.FMLServerTweaker
[21:01:46] [Test worker/INFO] [LaunchWrapper]: Calling tweak class cpw.mods.fml.common.launcher.FMLServerTweaker
[00:40:27] [Test worker/INFO] [GradleStart]: Extra: [--tweakClass, cpw.mods.fml.common.launcher.FMLServerTweaker]
[00:40:27] [Test worker/INFO] [GradleStart]: GradleStart coremod searching disabled!
[00:40:27] [Test worker/INFO] [GradleStart]: Running with arguments: [--tweakClass, cpw.mods.fml.common.launcher.FMLServerTweaker]
[00:40:27] [Test worker/INFO] [LaunchWrapper]: Loading tweak class name cpw.mods.fml.common.launcher.FMLServerTweaker
[00:40:27] [Test worker/INFO] [LaunchWrapper]: Using primary tweak class name cpw.mods.fml.common.launcher.FMLServerTweaker
[00:40:27] [Test worker/INFO] [LaunchWrapper]: Calling tweak class cpw.mods.fml.common.launcher.FMLServerTweaker
[01:06:24] [Test worker/INFO] [GradleStart]: Extra: [--tweakClass, cpw.mods.fml.common.launcher.FMLServerTweaker]
[01:06:24] [Test worker/INFO] [GradleStart]: GradleStart coremod searching disabled!
[01:06:24] [Test worker/INFO] [GradleStart]: Running with arguments: [--tweakClass, cpw.mods.fml.common.launcher.FMLServerTweaker]
[01:06:24] [Test worker/INFO] [LaunchWrapper]: Loading tweak class name cpw.mods.fml.common.launcher.FMLServerTweaker
[01:06:24] [Test worker/INFO] [LaunchWrapper]: Using primary tweak class name cpw.mods.fml.common.launcher.FMLServerTweaker
[01:06:24] [Test worker/INFO] [LaunchWrapper]: Calling tweak class cpw.mods.fml.common.launcher.FMLServerTweaker
[15:31:35] [Test worker/INFO] [GradleStart]: Extra: [--tweakClass, cpw.mods.fml.common.launcher.FMLServerTweaker]
[15:31:35] [Test worker/INFO] [GradleStart]: GradleStart coremod searching disabled!
[15:31:35] [Test worker/INFO] [GradleStart]: Running with arguments: [--tweakClass, cpw.mods.fml.common.launcher.FMLServerTweaker]
[15:31:35] [Test worker/INFO] [LaunchWrapper]: Loading tweak class name cpw.mods.fml.common.launcher.FMLServerTweaker
[15:31:35] [Test worker/INFO] [LaunchWrapper]: Using primary tweak class name cpw.mods.fml.common.launcher.FMLServerTweaker
[15:31:35] [Test worker/INFO] [LaunchWrapper]: Calling tweak class cpw.mods.fml.common.launcher.FMLServerTweaker
[15:57:57] [Test worker/INFO] [GradleStart]: Extra: [--tweakClass, cpw.mods.fml.common.launcher.FMLServerTweaker]
[15:57:57] [Test worker/INFO] [GradleStart]: GradleStart coremod searching disabled!
[15:57:57] [Test worker/INFO] [GradleStart]: Running with arguments: [--tweakClass, cpw.mods.fml.common.launcher.FMLServerTweaker]
[15:57:57] [Test worker/INFO] [LaunchWrapper]: Loading tweak class name cpw.mods.fml.common.launcher.FMLServerTweaker
[15:57:57] [Test worker/INFO] [LaunchWrapper]: Using primary tweak class name cpw.mods.fml.common.launcher.FMLServerTweaker
[15:57:57] [Test worker/INFO] [LaunchWrapper]: Calling tweak class cpw.mods.fml.common.launcher.FMLServerTweaker
[16:27:09] [Test worker/INFO] [GradleStart]: Extra: [--tweakClass, cpw.mods.fml.common.launcher.FMLServerTweaker]
[16:27:09] [Test worker/INFO] [GradleStart]: GradleStart coremod searching disabled!
[16:27:09] [Test worker/INFO] [GradleStart]: Running with arguments: [--tweakClass, cpw.mods.fml.common.launcher.FMLServerTweaker]
[16:27:09] [Test worker/INFO] [LaunchWrapper]: Loading tweak class name cpw.mods.fml.common.launcher.FMLServerTweaker
[16:27:09] [Test worker/INFO] [LaunchWrapper]: Using primary tweak class name cpw.mods.fml.common.launcher.FMLServerTweaker
[16:27:09] [Test worker/INFO] [LaunchWrapper]: Calling tweak class cpw.mods.fml.common.launcher.FMLServerTweaker
[16:37:39] [Test worker/INFO] [GradleStart]: Extra: [--tweakClass, cpw.mods.fml.common.launcher.FMLServerTweaker]
[16:37:39] [Test worker/INFO] [GradleStart]: GradleStart coremod searching disabled!
[16:37:39] [Test worker/INFO] [GradleStart]: Running with arguments: [--tweakClass, cpw.mods.fml.common.launcher.FMLServerTweaker]
[16:37:39] [Test worker/INFO] [LaunchWrapper]: Loading tweak class name cpw.mods.fml.common.launcher.FMLServerTweaker
[16:37:39] [Test worker/INFO] [LaunchWrapper]: Using primary tweak class name cpw.mods.fml.common.launcher.FMLServerTweaker
[16:37:39] [Test worker/INFO] [LaunchWrapper]: Calling tweak class cpw.mods.fml.common.launcher.FMLServerTweaker
[16:58:27] [Test worker/INFO] [GradleStart]: Extra: [--tweakClass, cpw.mods.fml.common.launcher.FMLServerTweaker]
[16:58:27] [Test worker/INFO] [GradleStart]: GradleStart coremod searching disabled!
[16:58:27] [Test worker/INFO] [GradleStart]: Running with arguments: [--tweakClass, cpw.mods.fml.common.launcher.FMLServerTweaker]
[16:58:27] [Test worker/INFO] [LaunchWrapper]: Loading tweak class name cpw.mods.fml.common.launcher.FMLServerTweaker
[16:58:27] [Test worker/INFO] [LaunchWrapper]: Using primary tweak class name cpw.mods.fml.common.launcher.FMLServerTweaker
[16:58:27] [Test worker/INFO] [LaunchWrapper]: Calling tweak class cpw.mods.fml.common.launcher.FMLServerTweaker
[17:12:55] [Test worker/INFO] [GradleStart]: Extra: [--tweakClass, cpw.mods.fml.common.launcher.FMLServerTweaker]
[17:12:55] [Test worker/INFO] [GradleStart]: GradleStart coremod searching disabled!
[17:12:55] [Test worker/INFO] [GradleStart]: Running with arguments: [--tweakClass, cpw.mods.fml.common.launcher.FMLServerTweaker]
[17:12:55] [Test worker/INFO] [LaunchWrapper]: Loading tweak class name cpw.mods.fml.common.launcher.FMLServerTweaker
[17:12:55] [Test worker/INFO] [LaunchWrapper]: Using primary tweak class name cpw.mods.fml.common.launcher.FMLServerTweaker
[17:12:55] [Test worker/INFO] [LaunchWrapper]: Calling tweak class cpw.mods.fml.common.launcher.FMLServerTweaker
[17:38:15] [Test worker/INFO] [GradleStart]: Extra: [--tweakClass, cpw.mods.fml.common.launcher.FMLServerTweaker]
[17:38:15] [Test worker/INFO] [GradleStart]: GradleStart coremod searching disabled!
[17:38:15] [Test worker/INFO] [GradleStart]: Running with arguments: [--tweakClass, cpw.mods.fml.common.launcher.FMLServerTweaker]
[17:38:15] [Test worker/INFO] [LaunchWrapper]: Loading tweak class name cpw.mods.fml.common.launcher.FMLServerTweaker
[17:38:15] [Test worker/INFO] [LaunchWrapper]: Using primary tweak class name cpw.mods.fml.common.launcher.FMLServerTweaker
[17:38:15] [Test worker/INFO] [LaunchWrapper]: Calling tweak class cpw.mods.fml.common.launcher.FMLServerTweaker
[17:55:37] [Test worker/INFO] [GradleStart]: Extra: [--tweakClass, cpw.mods.fml.common.launcher.FMLServerTweaker]
[17:55:37] [Test worker/INFO] [GradleStart]: GradleStart coremod searching disabled!
[17:55:37] [Test worker/INFO] [GradleStart]: Running with arguments: [--tweakClass, cpw.mods.fml.common.launcher.FMLServerTweaker]
[17:55:37] [Test worker/INFO] [LaunchWrapper]: Loading tweak class name cpw.mods.fml.common.launcher.FMLServerTweaker
[17:55:37] [Test worker/INFO] [LaunchWrapper]: Using primary tweak class name cpw.mods.fml.common.launcher.FMLServerTweaker
[17:55:37] [Test worker/INFO] [LaunchWrapper]: Calling tweak class cpw.mods.fml.common.launcher.FMLServerTweaker
[18:14:39] [Test worker/INFO] [GradleStart]: Extra: [--tweakClass, cpw.mods.fml.common.launcher.FMLServerTweaker]
[18:14:39] [Test worker/INFO] [GradleStart]: GradleStart coremod searching disabled!
[18:14:39] [Test worker/INFO] [GradleStart]: Running with arguments: [--tweakClass, cpw.mods.fml.common.launcher.FMLServerTweaker]
[18:14:39] [Test worker/INFO] [LaunchWrapper]: Loading tweak class name cpw.mods.fml.common.launcher.FMLServerTweaker
[18:14:39] [Test worker/INFO] [LaunchWrapper]: Using primary tweak class name cpw.mods.fml.common.launcher.FMLServerTweaker
[18:14:39] [Test worker/INFO] [LaunchWrapper]: Calling tweak class cpw.mods.fml.common.launcher.FMLServerTweaker
[19:37:42] [Test worker/INFO] [GradleStart]: Extra: [--tweakClass, cpw.mods.fml.common.launcher.FMLServerTweaker]
[19:37:43] [Test worker/INFO] [GradleStart]: GradleStart coremod searching disabled!
[19:37:43] [Test worker/INFO] [GradleStart]: Running with arguments: [--tweakClass, cpw.mods.fml.common.launcher.FMLServerTweaker]
[19:37:43] [Test worker/INFO] [LaunchWrapper]: Loading tweak class name cpw.mods.fml.common.launcher.FMLServerTweaker
[19:37:43] [Test worker/INFO] [LaunchWrapper]: Using primary tweak class name cpw.mods.fml.common.launcher.FMLServerTweaker
[19:37:43] [Test worker/INFO] [LaunchWrapper]: Calling tweak class cpw.mods.fml.common.launcher.FMLServerTweaker
[14:40:58] [Test worker/INFO] [GradleStart]: Extra: [--tweakClass, cpw.mods.fml.common.launcher.FMLServerTweaker]
[14:40:58] [Test worker/INFO] [GradleStart]: GradleStart coremod searching disabled!
[14:40:58] [Test worker/INFO] [GradleStart]: Running with arguments: [--tweakClass, cpw.mods.fml.common.launcher.FMLServerTweaker]
[14:40:58] [Test worker/INFO] [LaunchWrapper]: Loading tweak class name cpw.mods.fml.common.launcher.FMLServerTweaker
[14:40:58] [Test worker/INFO] [LaunchWrapper]: Using primary tweak class name cpw.mods.fml.common.launcher.FMLServerTweaker
[14:40:58] [Test worker/INFO] [LaunchWrapper]: Calling tweak class cpw.mods.fml.common.launcher.FMLServerTweaker
[09:04:13] [Test worker/INFO] [GradleStart]: Extra: [--tweakClass, cpw.mods.fml.common.launcher.FMLServerTweaker]
[09:04:13] [Test worker/INFO] [GradleStart]: GradleStart coremod searching disabled!
[09:04:13] [Test worker/INFO] [GradleStart]: Running with arguments: [--tweakClass, cpw.mods.fml.common.launcher.FMLServerTweaker]
[09:04:13] [Test worker/INFO] [LaunchWrapper]: Loading tweak class name cpw.mods.fml.common.launcher.FMLServerTweaker
[09:04:13] [Test worker/INFO] [LaunchWrapper]: Using primary tweak class name cpw.mods.fml.common.launcher.FMLServerTweaker
[09:04:13] [Test worker/INFO] [LaunchWrapper]: Calling tweak class cpw.mods.fml.common.launcher.FMLServerTweaker
[09:13:47] [Test worker/INFO] [GradleStart]: Extra: [--tweakClass, cpw.mods.fml.common.launcher.FMLServerTweaker]
[09:13:47] [Test worker/INFO] [GradleStart]: GradleStart coremod searching disabled!
[09:13:47] [Test worker/INFO] [GradleStart]: Running with arguments: [--tweakClass, cpw.mods.fml.common.launcher.FMLServerTweaker]
[09:13:47] [Test worker/INFO] [LaunchWrapper]: Loading tweak class name cpw.mods.fml.common.launcher.FMLServerTweaker
[09:13:47] [Test worker/INFO] [LaunchWrapper]: Using primary tweak class name cpw.mods.fml.common.launcher.FMLServerTweaker
[09:13:47] [Test worker/INFO] [LaunchWrapper]: Calling tweak class cpw.mods.fml.common.launcher.FMLServerTweaker
[09:19:10] [Test worker/INFO] [GradleStart]: Extra: [--tweakClass, cpw.mods.fml.common.launcher.FMLServerTweaker]
[09:19:10] [Test worker/INFO] [GradleStart]: GradleStart coremod searching disabled!
[09:19:10] [Test worker/INFO] [GradleStart]: Running with arguments: [--tweakClass, cpw.mods.fml.common.launcher.FMLServerTweaker]
[09:19:10] [Test worker/INFO] [LaunchWrapper]: Loading tweak class name cpw.mods.fml.common.launcher.FMLServerTweaker
[09:19:10] [Test worker/INFO] [LaunchWrapper]: Using primary tweak class name cpw.mods.fml.common.launcher.FMLServerTweaker
[09:19:10] [Test worker/INFO] [LaunchWrapper]: Calling tweak class cpw.mods.fml.common.launcher.FMLServerTweaker
[09:33:06] [Test worker/INFO] [GradleStart]: Extra: [--tweakClass, cpw.mods.fml.common.launcher.FMLServerTweaker]
[09:33:06] [Test worker/INFO] [GradleStart]: GradleStart coremod searching disabled!
[09:33:06] [Test worker/INFO] [GradleStart]: Running with arguments: [--tweakClass, cpw.mods.fml.common.launcher.FMLServerTweaker]
[09:33:06] [Test worker/INFO] [LaunchWrapper]: Loading tweak class name cpw.mods.fml.common.launcher.FMLServerTweaker
[09:33:06] [Test worker/INFO] [LaunchWrapper]: Using primary tweak class name cpw.mods.fml.common.launcher.FMLServerTweaker
[09:33:06] [Test worker/INFO] [LaunchWrapper]: Calling tweak class cpw.mods.fml.common.launcher.FMLServerTweaker
[23:41:19] [Test worker/INFO] [GradleStart]: Extra: [--tweakClass, cpw.mods.fml.common.launcher.FMLServerTweaker]
[23:41:19] [Test worker/INFO] [GradleStart]: GradleStart coremod searching disabled!
[23:41:19] [Test worker/INFO] [GradleStart]: Running with arguments: [--tweakClass, cpw.mods.fml.common.launcher.FMLServerTweaker]
[23:41:19] [Test worker/INFO] [LaunchWrapper]: Loading tweak class name cpw.mods.fml.common.launcher.FMLServerTweaker
[23:41:19] [Test worker/INFO] [LaunchWrapper]: Using primary tweak class name cpw.mods.fml.common.launcher.FMLServerTweaker
[23:41:19] [Test worker/INFO] [LaunchWrapper]: Calling tweak class cpw.mods.fml.common.launcher.FMLServerTweaker
[19:51:28] [Test worker/INFO] [GradleStart]: Extra: [--tweakClass, cpw.mods.fml.common.launcher.FMLServerTweaker]
[19:51:28] [Test worker/INFO] [GradleStart]: GradleStart coremod searching disabled!
[19:51:28] [Test worker/INFO] [GradleStart]: Running with arguments: [--tweakClass, cpw.mods.fml.common.launcher.FMLServerTweaker]
[19:51:28] [Test worker/INFO] [LaunchWrapper]: Loading tweak class name cpw.mods.fml.common.launcher.FMLServerTweaker
[19:51:28] [Test worker/INFO] [LaunchWrapper]: Using primary tweak class name cpw.mods.fml.common.launcher.FMLServerTweaker
[19:51:28] [Test worker/INFO] [LaunchWrapper]: Calling tweak class cpw.mods.fml.common.launcher.FMLServerTweaker
[21:52:21] [Test worker/INFO] [GradleStart]: Extra: [--tweakClass, cpw.mods.fml.common.launcher.FMLServerTweaker]
[21:52:21] [Test worker/INFO] [GradleStart]: GradleStart coremod searching disabled!
[21:52:21] [Test worker/INFO] [GradleStart]: Running with arguments: [--tweakClass, cpw.mods.fml.common.launcher.FMLServerTweaker]
[21:52:21] [Test worker/INFO] [LaunchWrapper]: Loading tweak class name cpw.mods.fml.common.launcher.FMLServerTweaker
[21:52:21] [Test worker/INFO] [LaunchWrapper]: Using primary tweak class name cpw.mods.fml.common.launcher.FMLServerTweaker
[21:52:21] [Test worker/INFO] [LaunchWrapper]: Calling tweak class cpw.mods.fml.common.launcher.FMLServerTweaker
[14:45:02] [Test worker/INFO] [GradleStart]: Extra: [--tweakClass, cpw.mods.fml.common.launcher.FMLServerTweaker]
[14:45:02] [Test worker/INFO] [GradleStart]: GradleStart coremod searching disabled!
[14:45:02] [Test worker/INFO] [GradleStart]: Running with arguments: [--tweakClass, cpw.mods.fml.common.launcher.FMLServerTweaker]
[14:45:02] [Test worker/INFO] [LaunchWrapper]: Loading tweak class name cpw.mods.fml.common.launcher.FMLServerTweaker
[14:45:03] [Test worker/INFO] [LaunchWrapper]: Using primary tweak class name cpw.mods.fml.common.launcher.FMLServerTweaker
[14:45:03] [Test worker/INFO] [LaunchWrapper]: Calling tweak class cpw.mods.fml.common.launcher.FMLServerTweaker
[14:50:59] [Test worker/INFO] [GradleStart]: Extra: [--tweakClass, cpw.mods.fml.common.launcher.FMLServerTweaker]
[14:50:59] [Test worker/INFO] [GradleStart]: GradleStart coremod searching disabled!
[14:50:59] [Test worker/INFO] [GradleStart]: Running with arguments: [--tweakClass, cpw.mods.fml.common.launcher.FMLServerTweaker]
[14:50:59] [Test worker/INFO] [LaunchWrapper]: Loading tweak class name cpw.mods.fml.common.launcher.FMLServerTweaker
[14:50:59] [Test worker/INFO] [LaunchWrapper]: Using primary tweak class name cpw.mods.fml.common.launcher.FMLServerTweaker
[14:50:59] [Test worker/INFO] [LaunchWrapper]: Calling tweak class cpw.mods.fml.common.launcher.FMLServerTweaker
[14:59:16] [Test worker/INFO] [GradleStart]: Extra: [--tweakClass, cpw.mods.fml.common.launcher.FMLServerTweaker]
[14:59:16] [Test worker/INFO] [GradleStart]: GradleStart coremod searching disabled!
[14:59:16] [Test worker/INFO] [GradleStart]: Running with arguments: [--tweakClass, cpw.mods.fml.common.launcher.FMLServerTweaker]
[14:59:16] [Test worker/INFO] [LaunchWrapper]: Loading tweak class name cpw.mods.fml.common.launcher.FMLServerTweaker
[14:59:16] [Test worker/INFO] [LaunchWrapper]: Using primary tweak class name cpw.mods.fml.common.launcher.FMLServerTweaker
[14:59:16] [Test worker/INFO] [LaunchWrapper]: Calling tweak class cpw.mods.fml.common.launcher.FMLServerTweaker
[15:21:08] [Test worker/INFO] [GradleStart]: Extra: [--tweakClass, cpw.mods.fml.common.launcher.FMLServerTweaker]
[15:21:08] [Test worker/INFO] [GradleStart]: GradleStart coremod searching disabled!
[15:21:08] [Test worker/INFO] [GradleStart]: Running with arguments: [--tweakClass, cpw.mods.fml.common.launcher.FMLServerTweaker]
[15:21:08] [Test worker/INFO] [LaunchWrapper]: Loading tweak class name cpw.mods.fml.common.launcher.FMLServerTweaker
[15:21:08] [Test worker/INFO] [LaunchWrapper]: Using primary tweak class name cpw.mods.fml.common.launcher.FMLServerTweaker
[15:21:08] [Test worker/INFO] [LaunchWrapper]: Calling tweak class cpw.mods.fml.common.launcher.FMLServerTweaker
[15:26:42] [Test worker/INFO] [GradleStart]: Extra: [--tweakClass, cpw.mods.fml.common.launcher.FMLServerTweaker]
[15:26:42] [Test worker/INFO] [GradleStart]: GradleStart coremod searching disabled!
[15:26:42] [Test worker/INFO] [GradleStart]: Running with arguments: [--tweakClass, cpw.mods.fml.common.launcher.FMLServerTweaker]
[15:26:42] [Test worker/INFO] [LaunchWrapper]: Loading tweak class name cpw.mods.fml.common.launcher.FMLServerTweaker
[15:26:42] [Test worker/INFO] [LaunchWrapper]: Using primary tweak class name cpw.mods.fml.common.launcher.FMLServerTweaker
[15:26:42] [Test worker/INFO] [LaunchWrapper]: Calling tweak class cpw.mods.fml.common.launcher.FMLServerTweaker
[15:36:23] [Test worker/INFO] [GradleStart]: Extra: [--tweakClass, cpw.mods.fml.common.launcher.FMLServerTweaker]
[15:36:23] [Test worker/INFO] [GradleStart]: GradleStart coremod searching disabled!
[15:36:23] [Test worker/INFO] [GradleStart]: Running with arguments: [--tweakClass, cpw.mods.fml.common.launcher.FMLServerTweaker]
[15:36:23] [Test worker/INFO] [LaunchWrapper]: Loading tweak class name cpw.mods.fml.common.launcher.FMLServerTweaker
[15:36:23] [Test worker/INFO] [LaunchWrapper]: Using primary tweak class name cpw.mods.fml.common.launcher.FMLServerTweaker
[15:36:23] [Test worker/INFO] [LaunchWrapper]: Calling tweak class cpw.mods.fml.common.launcher.FMLServerTweaker
[15:38:40] [Test worker/INFO] [GradleStart]: Extra: [--tweakClass, cpw.mods.fml.common.launcher.FMLServerTweaker]
[15:38:40] [Test worker/INFO] [GradleStart]: GradleStart coremod searching disabled!
[15:38:40] [Test worker/INFO] [GradleStart]: Running with arguments: [--tweakClass, cpw.mods.fml.common.launcher.FMLServerTweaker]
[15:38:40] [Test worker/INFO] [LaunchWrapper]: Loading tweak class name cpw.mods.fml.common.launcher.FMLServerTweaker
[15:38:40] [Test worker/INFO] [LaunchWrapper]: Using primary tweak class name cpw.mods.fml.common.launcher.FMLServerTweaker
[15:38:40] [Test worker/INFO] [LaunchWrapper]: Calling tweak class cpw.mods.fml.common.launcher.FMLServerTweaker
[11:17:42] [Test worker/INFO] [GradleStart]: Extra: [--tweakClass, cpw.mods.fml.common.launcher.FMLServerTweaker]
[11:17:43] [Test worker/INFO] [GradleStart]: GradleStart coremod searching disabled!
[11:17:43] [Test worker/INFO] [GradleStart]: Running with arguments: [--tweakClass, cpw.mods.fml.common.launcher.FMLServerTweaker]
[11:17:43] [Test worker/INFO] [LaunchWrapper]: Loading tweak class name cpw.mods.fml.common.launcher.FMLServerTweaker
[11:17:43] [Test worker/INFO] [LaunchWrapper]: Using primary tweak class name cpw.mods.fml.common.launcher.FMLServerTweaker
[11:17:43] [Test worker/INFO] [LaunchWrapper]: Calling tweak class cpw.mods.fml.common.launcher.FMLServerTweaker
[11:24:57] [Test worker/INFO] [GradleStart]: Extra: [--tweakClass, cpw.mods.fml.common.launcher.FMLServerTweaker]
[11:24:57] [Test worker/INFO] [GradleStart]: GradleStart coremod searching disabled!
[11:24:57] [Test worker/INFO] [GradleStart]: Running with arguments: [--tweakClass, cpw.mods.fml.common.launcher.FMLServerTweaker]
[11:24:57] [Test worker/INFO] [LaunchWrapper]: Loading tweak class name cpw.mods.fml.common.launcher.FMLServerTweaker
[11:24:57] [Test worker/INFO] [LaunchWrapper]: Using primary tweak class name cpw.mods.fml.common.launcher.FMLServerTweaker
[11:24:57] [Test worker/INFO] [LaunchWrapper]: Calling tweak class cpw.mods.fml.common.launcher.FMLServerTweaker
[11:39:45] [Test worker/INFO] [GradleStart]: Extra: [--tweakClass, cpw.mods.fml.common.launcher.FMLServerTweaker]
[11:39:45] [Test worker/INFO] [GradleStart]: GradleStart coremod searching disabled!
[11:39:45] [Test worker/INFO] [GradleStart]: Running with arguments: [--tweakClass, cpw.mods.fml.common.launcher.FMLServerTweaker]
[11:39:45] [Test worker/INFO] [LaunchWrapper]: Loading tweak class name cpw.mods.fml.common.launcher.FMLServerTweaker
[11:39:45] [Test worker/INFO] [LaunchWrapper]: Using primary tweak class name cpw.mods.fml.common.launcher.FMLServerTweaker
[11:39:45] [Test worker/INFO] [LaunchWrapper]: Calling tweak class cpw.mods.fml.common.launcher.FMLServerTweaker
[11:56:06] [Test worker/INFO] [GradleStart]: Extra: [--tweakClass, cpw.mods.fml.common.launcher.FMLServerTweaker]
[11:56:06] [Test worker/INFO] [GradleStart]: GradleStart coremod searching disabled!
[11:56:06] [Test worker/INFO] [GradleStart]: Running with arguments: [--tweakClass, cpw.mods.fml.common.launcher.FMLServerTweaker]
[11:56:06] [Test worker/INFO] [LaunchWrapper]: Loading tweak class name cpw.mods.fml.common.launcher.FMLServerTweaker
[11:56:06] [Test worker/INFO] [LaunchWrapper]: Using primary tweak class name cpw.mods.fml.common.launcher.FMLServerTweaker
[11:56:06] [Test worker/INFO] [LaunchWrapper]: Calling tweak class cpw.mods.fml.common.launcher.FMLServerTweaker
