[11:56:14] [Server thread/INFO]: Starting minecraft server version 1.7.10
[11:56:21] [Server thread/ERROR]: Encountered an unexpected exception
java.lang.NoSuchFieldError: field_150348_b
	at br.com.gamemods.universalcoinsserver.CommonProxy.<clinit>(CommonProxy.java:37) ~[CommonProxy.class:?]
	at br.com.gamemods.universalcoinsserver.UniversalCoinsServer.<clinit>(UniversalCoinsServer.java:33) ~[UniversalCoinsServer.class:?]
	at java.lang.Class.forName0(Native Method) ~[?:1.8.0_121]
	at java.lang.Class.forName(Class.java:348) ~[?:1.8.0_121]
	at cpw.mods.fml.common.FMLModContainer.constructMod(FMLModContainer.java:420) ~[FMLModContainer.class:?]
	at sun.reflect.NativeMethodAccessorImpl.invoke0(Native Method) ~[?:1.8.0_121]
	at sun.reflect.NativeMethodAccessorImpl.invoke(NativeMethodAccessorImpl.java:62) ~[?:1.8.0_121]
	at sun.reflect.DelegatingMethodAccessorImpl.invoke(DelegatingMethodAccessorImpl.java:43) ~[?:1.8.0_121]
	at java.lang.reflect.Method.invoke(Method.java:498) ~[?:1.8.0_121]
	at com.google.common.eventbus.EventSubscriber.handleEvent(EventSubscriber.java:74) ~[guava-18.0.jar:?]
	at com.google.common.eventbus.SynchronizedEventSubscriber.handleEvent(SynchronizedEventSubscriber.java:47) ~[guava-18.0.jar:?]
	at com.google.common.eventbus.EventBus.dispatch(EventBus.java:322) ~[guava-18.0.jar:?]
	at com.google.common.eventbus.EventBus.dispatchQueuedEvents(EventBus.java:304) ~[guava-18.0.jar:?]
	at com.google.common.eventbus.EventBus.post(EventBus.java:275) ~[guava-18.0.jar:?]
	at cpw.mods.fml.common.LoadController.sendEventToModContainer(LoadController.java:208) ~[LoadController.class:?]
	at cpw.mods.fml.common.LoadController.propogateStateMessage(LoadController.java:187) ~[LoadController.class:?]
	at sun.reflect.NativeMethodAccessorImpl.invoke0(Native Method) ~[?:1.8.0_121]
	at sun.reflect.NativeMethodAccessorImpl.invoke(NativeMethodAccessorImpl.java:62) ~[?:1.8.0_121]
	at sun.reflect.DelegatingMethodAccessorImpl.invoke(DelegatingMethodAccessorImpl.java:43) ~[?:1.8.0_121]
	at java.lang.reflect.Method.invoke(Method.java:498) ~[?:1.8.0_121]
	at com.google.common.eventbus.EventSubscriber.handleEvent(EventSubscriber.java:74) ~[guava-18.0.jar:?]
	at com.google.common.eventbus.SynchronizedEventSubscriber.handleEvent(SynchronizedEventSubscriber.java:47) ~[guava-18.0.jar:?]
	at com.google.common.eventbus.EventBus.dispatch(EventBus.java:322) ~[guava-18.0.jar:?]
	at com.google.common.eventbus.EventBus.dispatchQueuedEvents(EventBus.java:304) ~[guava-18.0.jar:?]
	at com.google.common.eventbus.EventBus.post(EventBus.java:275) ~[guava-18.0.jar:?]
	at cpw.mods.fml.common.LoadController.distributeStateMessage(LoadController.java:118) ~[LoadController.class:?]
	at cpw.mods.fml.common.Loader.loadMods(Loader.java:492) ~[Loader.class:?]
	at cpw.mods.fml.server.FMLServerHandler.beginServerLoading(FMLServerHandler.java:87) ~[FMLServerHandler.class:?]
	at cpw.mods.fml.common.FMLCommonHandler.onServerStart(FMLCommonHandler.java:314) ~[FMLCommonHandler.class:?]
	at net.minecraft.server.dedicated.DedicatedServer.startServer(DedicatedServer.java:120) ~[DedicatedServer.class:?]
	at net.minecraft.server.MinecraftServer.run(MinecraftServer.java:445) [MinecraftServer.class:?]
	at net.minecraft.server.MinecraftServer$2.run(MinecraftServer.java:752) [MinecraftServer$2.class:?]
[11:56:21] [Server thread/ERROR]: This crash report has been saved to: C:\Users\HeyZeer0\IdeaProjects\MyTown2-MagiTech\.\crash-reports\crash-2017-02-19_11.56.21-server.txt
